<?xml version="1.0" encoding="UTF-8"?>
<!-- Generated by org.testng.reporters.JUnitXMLReporter -->
<testsuite hostname="wisgndtyazeg2" ignored="2" name="Default test" tests="1" failures="0" timestamp="2021-01-31T13:12:02 EET" time="8.445" errors="0">
  <testcase name="Step2" time="8.407" classname="TestGetApi.AllStep"/>
  <testcase name="OtherSteps" time="0.0" classname="TestGetApi.AllStep">
    <ignored/>
  </testcase> <!-- OtherSteps -->
  <testcase name="Step1" time="0.0" classname="TestGetApi.AllStep">
    <ignored/>
  </testcase> <!-- Step1 -->
</testsuite> <!-- Default test -->
