<?xml version="1.0" encoding="UTF-8"?>
<testng-results skipped="0" failed="0" ignored="2" total="3" passed="1">
  <reporter-output>
  </reporter-output>
  <suite name="Default suite" duration-ms="8445" started-at="2021-01-31T13:11:54 EET" finished-at="2021-01-31T13:12:02 EET">
    <groups>
    </groups>
    <test name="Default test" duration-ms="8445" started-at="2021-01-31T13:11:54 EET" finished-at="2021-01-31T13:12:02 EET">
      <class name="TestGetApi.AllStep">
        <test-method status="PASS" signature="Step2()[pri:0, instance:TestGetApi.AllStep@458c1321]" name="Step2" duration-ms="8407" started-at="2021-01-31T13:11:54 EET" finished-at="2021-01-31T13:12:02 EET">
          <reporter-output>
          </reporter-output>
        </test-method> <!-- Step2 -->
      </class> <!-- TestGetApi.AllStep -->
    </test> <!-- Default test -->
  </suite> <!-- Default suite -->
</testng-results>
